0 info it worked if it ends with ok
1 verbose cli [ '/usr/local/bin/node', '/usr/local/bin/npm', 'start' ]
2 info using npm@4.1.1
3 info using node@v6.9.4
4 verbose run-script [ 'prestart', 'start', 'poststart' ]
5 info lifecycle live-polling@0.0.1~prestart: live-polling@0.0.1
6 verbose lifecycle live-polling@0.0.1~prestart: unsafe-perm in lifecycle true
7 verbose lifecycle live-polling@0.0.1~prestart: PATH: /usr/local/lib/node_modules/npm/bin/node-gyp-bin:/Users/joshuanezianya/wdi/portfolio_projects/polling_application/node_modules/.bin:/Users/joshuanezianya/.rvm/gems/ruby-2.2.3/bin:/Users/joshuanezianya/.rvm/gems/ruby-2.2.3@global/bin:/Users/joshuanezianya/.rvm/rubies/ruby-2.2.3/bin:/usr/local/bin:/Users/joshuanezianya/.rbenv/shims:/usr/local/bin:/usr/bin:/bin:/usr/sbin:/sbin:/Applications/Postgres.app/Contents/Versions/latest/bin:/Users/joshuanezianya/.rvm/bin
8 verbose lifecycle live-polling@0.0.1~prestart: CWD: /Users/joshuanezianya/wdi/portfolio_projects/polling_application
9 silly lifecycle live-polling@0.0.1~prestart: Args: [ '-c', 'webpack' ]
10 silly lifecycle live-polling@0.0.1~prestart: Returned: code: 0  signal: null
11 info lifecycle live-polling@0.0.1~start: live-polling@0.0.1
12 verbose lifecycle live-polling@0.0.1~start: unsafe-perm in lifecycle true
13 verbose lifecycle live-polling@0.0.1~start: PATH: /usr/local/lib/node_modules/npm/bin/node-gyp-bin:/Users/joshuanezianya/wdi/portfolio_projects/polling_application/node_modules/.bin:/Users/joshuanezianya/.rvm/gems/ruby-2.2.3/bin:/Users/joshuanezianya/.rvm/gems/ruby-2.2.3@global/bin:/Users/joshuanezianya/.rvm/rubies/ruby-2.2.3/bin:/usr/local/bin:/Users/joshuanezianya/.rbenv/shims:/usr/local/bin:/usr/bin:/bin:/usr/sbin:/sbin:/Applications/Postgres.app/Contents/Versions/latest/bin:/Users/joshuanezianya/.rvm/bin
14 verbose lifecycle live-polling@0.0.1~start: CWD: /Users/joshuanezianya/wdi/portfolio_projects/polling_application
15 silly lifecycle live-polling@0.0.1~start: Args: [ '-c', 'node app-server.js' ]
16 silly lifecycle live-polling@0.0.1~start: Returned: code: 1  signal: null
17 info lifecycle live-polling@0.0.1~start: Failed to exec start script
18 verbose stack Error: live-polling@0.0.1 start: `node app-server.js`
18 verbose stack Exit status 1
18 verbose stack     at EventEmitter.<anonymous> (/usr/local/lib/node_modules/npm/lib/utils/lifecycle.js:279:16)
18 verbose stack     at emitTwo (events.js:106:13)
18 verbose stack     at EventEmitter.emit (events.js:191:7)
18 verbose stack     at ChildProcess.<anonymous> (/usr/local/lib/node_modules/npm/lib/utils/spawn.js:40:14)
18 verbose stack     at emitTwo (events.js:106:13)
18 verbose stack     at ChildProcess.emit (events.js:191:7)
18 verbose stack     at maybeClose (internal/child_process.js:877:16)
18 verbose stack     at Process.ChildProcess._handle.onexit (internal/child_process.js:226:5)
19 verbose pkgid live-polling@0.0.1
20 verbose cwd /Users/joshuanezianya/wdi/portfolio_projects/polling_application
21 error Darwin 16.3.0
22 error argv "/usr/local/bin/node" "/usr/local/bin/npm" "start"
23 error node v6.9.4
24 error npm  v4.1.1
25 error code ELIFECYCLE
26 error live-polling@0.0.1 start: `node app-server.js`
26 error Exit status 1
27 error Failed at the live-polling@0.0.1 start script 'node app-server.js'.
27 error Make sure you have the latest version of node.js and npm installed.
27 error If you do, this is most likely a problem with the live-polling package,
27 error not with npm itself.
27 error Tell the author that this fails on your system:
27 error     node app-server.js
27 error You can get information on how to open an issue for this project with:
27 error     npm bugs live-polling
27 error Or if that isn't available, you can get their info via:
27 error     npm owner ls live-polling
27 error There is likely additional logging output above.
28 verbose exit [ 1, true ]
